<?xml version="1.0" encoding="UTF-8"?>
<!-- Generated by org.testng.reporters.JUnitReportReporter -->
<testsuite hostname="DESKTOP-BSS5US9" failures="0" tests="2" name="com.testNG.ValidateDataDriven" time="30.496" errors="0" timestamp="2023-12-17T22:35:02 IST" skipped="0">
  <testcase classname="com.testNG.ValidateDataDriven" name="ValidateDataDrivenPageLoadedSuccessfully" time="29.958"/>
  <system-out/>
  <testcase classname="com.testNG.ValidateDataDriven" name="VerifyDataDrivenFromExcel" time="0.538"/>
  <system-out/>
</testsuite> <!-- com.testNG.ValidateDataDriven -->
