<?xml version="1.0" encoding="UTF-8"?>
<!-- Generated by org.testng.reporters.JUnitReportReporter -->
<testsuite hostname="DESKTOP-BSS5US9" failures="0" tests="2" name="com.testNG.ValidateMouseOperations" time="8.010" errors="0" timestamp="2023-12-01T13:14:03 IST" skipped="0">
  <testcase classname="com.testNG.ValidateMouseOperations" name="ValidateJQueryPageLoadedSuccessfully" time="5.249"/>
  <system-out/>
  <testcase classname="com.testNG.ValidateMouseOperations" name="VerifyRightClickOperation" time="2.761"/>
  <system-out/>
</testsuite> <!-- com.testNG.ValidateMouseOperations -->
