<?xml version="1.0" encoding="UTF-8"?>
<!-- Generated by org.testng.reporters.JUnitReportReporter -->
<testsuite hostname="DESKTOP-BSS5US9" failures="0" tests="30" name="com.testNG.TestNgFactory" time="0.110" errors="0" timestamp="2023-12-10T22:43:27 IST" skipped="0">
  <testcase classname="com.testNG.TestNgFactory" name="testmethod1" time="0.001"/>
  <system-out/>
  <testcase classname="com.testNG.TestNgFactory" name="testmethod1" time="0.008"/>
  <system-out/>
  <testcase classname="com.testNG.TestNgFactory" name="testmethod1" time="0.001"/>
  <system-out/>
  <testcase classname="com.testNG.TestNgFactory" name="testmethod1" time="0.003"/>
  <system-out/>
  <testcase classname="com.testNG.TestNgFactory" name="testmethod1" time="0.002"/>
  <system-out/>
  <testcase classname="com.testNG.TestNgFactory" name="testmethod1" time="0.003"/>
  <system-out/>
  <testcase classname="com.testNG.TestNgFactory" name="testmethod1" time="0.008"/>
  <system-out/>
  <testcase classname="com.testNG.TestNgFactory" name="testmethod1" time="0.003"/>
  <system-out/>
  <testcase classname="com.testNG.TestNgFactory" name="testmethod1" time="0.004"/>
  <system-out/>
  <testcase classname="com.testNG.TestNgFactory" name="testmethod1" time="0.004"/>
  <system-out/>
  <testcase classname="com.testNG.TestNgFactory" name="testmethod1" time="0.001"/>
  <system-out/>
  <testcase classname="com.testNG.TestNgFactory" name="testmethod1" time="0.005"/>
  <system-out/>
  <testcase classname="com.testNG.TestNgFactory" name="testmethod1" time="0.001"/>
  <system-out/>
  <testcase classname="com.testNG.TestNgFactory" name="testmethod1" time="0.006"/>
  <system-out/>
  <testcase classname="com.testNG.TestNgFactory" name="testmethod1" time="0.005"/>
  <system-out/>
  <testcase classname="com.testNG.TestNgFactory" name="testmethod1" time="0.004"/>
  <system-out/>
  <testcase classname="com.testNG.TestNgFactory" name="testmethod1" time="0.006"/>
  <system-out/>
  <testcase classname="com.testNG.TestNgFactory" name="testmethod1" time="0.002"/>
  <system-out/>
  <testcase classname="com.testNG.TestNgFactory" name="testmethod1" time="0.002"/>
  <system-out/>
  <testcase classname="com.testNG.TestNgFactory" name="testmethod1" time="0.003"/>
  <system-out/>
  <testcase classname="com.testNG.TestNgFactory" name="testmethod1" time="0.002"/>
  <system-out/>
  <testcase classname="com.testNG.TestNgFactory" name="testmethod1" time="0.003"/>
  <system-out/>
  <testcase classname="com.testNG.TestNgFactory" name="testmethod1" time="0.002"/>
  <system-out/>
  <testcase classname="com.testNG.TestNgFactory" name="testmethod1" time="0.001"/>
  <system-out/>
  <testcase classname="com.testNG.TestNgFactory" name="testmethod1" time="0.010"/>
  <system-out/>
  <testcase classname="com.testNG.TestNgFactory" name="testmethod1" time="0.003"/>
  <system-out/>
  <testcase classname="com.testNG.TestNgFactory" name="testmethod1" time="0.006"/>
  <system-out/>
  <testcase classname="com.testNG.TestNgFactory" name="testmethod1" time="0.003"/>
  <system-out/>
  <testcase classname="com.testNG.TestNgFactory" name="testmethod1" time="0.002"/>
  <system-out/>
  <testcase classname="com.testNG.TestNgFactory" name="testmethod1" time="0.006"/>
  <system-out/>
</testsuite> <!-- com.testNG.TestNgFactory -->
