<?xml version="1.0" encoding="UTF-8"?>
<!-- Generated by org.testng.reporters.JUnitReportReporter -->
<testsuite hostname="DESKTOP-BSS5US9" failures="0" tests="2" name="com.testNG.ValidateFileDownload" time="23.660" errors="0" timestamp="2023-12-15T22:08:30 IST" skipped="0">
  <testcase classname="com.testNG.ValidateFileDownload" name="ValidateFileDownloadPageSuccessfully" time="13.221"/>
  <system-out/>
  <testcase classname="com.testNG.ValidateFileDownload" name="ValidateFileUpload" time="10.439"/>
  <system-out/>
</testsuite> <!-- com.testNG.ValidateFileDownload -->
