<?xml version="1.0" encoding="UTF-8"?>
<!-- Generated by org.testng.reporters.JUnitReportReporter -->
<testsuite hostname="DESKTOP-BSS5US9" failures="0" tests="2" name="com.testNG.ValidateMultipleWindows" time="14.647" errors="0" timestamp="2023-12-03T11:13:00 IST" skipped="0">
  <testcase classname="com.testNG.ValidateMultipleWindows" name="ValidateMultipleWindowsPageLoadedSuccessfully" time="5.442"/>
  <system-out/>
  <testcase classname="com.testNG.ValidateMultipleWindows" name="ValidateNewBrowserWindow" time="9.205"/>
  <system-out/>
</testsuite> <!-- com.testNG.ValidateMultipleWindows -->
