<?xml version="1.0" encoding="UTF-8"?>
<!-- Generated by org.testng.reporters.JUnitReportReporter -->
<testsuite hostname="DESKTOP-BSS5US9" failures="0" tests="3" name="com.testNG.TestNgParallelTestMethod" time="0.021" errors="0" timestamp="2023-12-13T17:53:05 IST" skipped="0">
  <testcase classname="com.testNG.TestNgParallelTestMethod" name="testMethodsOne" time="0.005"/>
  <system-out/>
  <testcase classname="com.testNG.TestNgParallelTestMethod" name="testMethodsThree" time="0.007"/>
  <system-out/>
  <testcase classname="com.testNG.TestNgParallelTestMethod" name="testMethodsFour" time="0.009"/>
  <system-out/>
</testsuite> <!-- com.testNG.TestNgParallelTestMethod -->
