<?xml version="1.0" encoding="UTF-8"?>
<!-- Generated by org.testng.reporters.JUnitReportReporter -->
<testsuite hostname="DESKTOP-BSS5US9" failures="0" tests="2" name="com.testNG.ValidateFileUpload" time="21.950" errors="0" timestamp="2023-12-15T20:07:53 IST" skipped="0">
  <testcase classname="com.testNG.ValidateFileUpload" name="ValidateFileUploadPageSuccessfully" time="16.650"/>
  <system-out/>
  <testcase classname="com.testNG.ValidateFileUpload" name="ValidateFileUpload" time="5.300"/>
  <system-out/>
</testsuite> <!-- com.testNG.ValidateFileUpload -->
