<?xml version="1.0" encoding="UTF-8"?>
<!-- Generated by org.testng.reporters.JUnitReportReporter -->
<testsuite hostname="DESKTOP-BSS5US9" failures="0" tests="3" name="com.testNG.TestNGParallelClass1" time="0.009" errors="0" timestamp="2023-12-13T17:51:39 IST" skipped="0">
  <testcase classname="com.testNG.TestNGParallelClass1" name="testMethodThree" time="0.001"/>
  <system-out/>
  <testcase classname="com.testNG.TestNGParallelClass1" name="testMethodTwo" time="0.002"/>
  <system-out/>
  <testcase classname="com.testNG.TestNGParallelClass1" name="testMethodOne" time="0.006"/>
  <system-out/>
</testsuite> <!-- com.testNG.TestNGParallelClass1 -->
