<?xml version="1.0" encoding="UTF-8"?>
<!-- Generated by org.testng.reporters.JUnitReportReporter -->
<testsuite hostname="DESKTOP-BSS5US9" failures="0" tests="5" name="com.testNG.ValidateAlerts" time="20.839" errors="0" timestamp="2023-12-03T18:44:39 IST" skipped="0">
  <testcase classname="com.testNG.ValidateAlerts" name="ValidateAlertPageLoadedSuccessfully" time="12.370"/>
  <system-out/>
  <testcase classname="com.testNG.ValidateAlerts" name="ValidateNormalAlert" time="0.086"/>
  <system-out/>
  <testcase classname="com.testNG.ValidateAlerts" name="ValidateTimerAlert" time="5.162"/>
  <system-out/>
  <testcase classname="com.testNG.ValidateAlerts" name="ValidateConfirmAlert" time="0.105"/>
  <system-out/>
  <testcase classname="com.testNG.ValidateAlerts" name="ValidatePromptAlert" time="3.116"/>
  <system-out/>
</testsuite> <!-- com.testNG.ValidateAlerts -->
