<?xml version="1.0" encoding="UTF-8"?>
<!-- Generated by org.testng.reporters.JUnitReportReporter -->
<testsuite hostname="DESKTOP-BSS5US9" failures="0" tests="2" name="com.testNG.ValidateWebTable" time="17.945" errors="0" timestamp="2023-12-15T12:42:33 IST" skipped="0">
  <testcase classname="com.testNG.ValidateWebTable" name="ValidateWebTablePageSuccessfully" time="17.374"/>
  <system-out/>
  <testcase classname="com.testNG.ValidateWebTable" name="VerifytableInformation" time="0.571"/>
  <system-out/>
</testsuite> <!-- com.testNG.ValidateWebTable -->
