<?xml version="1.0" encoding="UTF-8"?>
<!-- Generated by org.testng.reporters.JUnitReportReporter -->
<testsuite hostname="DESKTOP-BSS5US9" failures="0" tests="4" name="com.testNG.testNgParameters" time="6.723" errors="0" timestamp="2023-12-10T19:41:58 IST" skipped="0">
  <testcase classname="com.testNG.testNgParameters" name="OpenBrowser" time="6.716"/>
  <system-out/>
  <testcase classname="com.testNG.testNgParameters" name="testCaseWithoutParameter" time="0.002"/>
  <system-out/>
  <testcase classname="com.testNG.testNgParameters" name="testCaseforEmail" time="0.001"/>
  <system-out/>
  <testcase classname="com.testNG.testNgParameters" name="FillLoginForm" time="0.004"/>
  <system-out/>
</testsuite> <!-- com.testNG.testNgParameters -->
