<?xml version="1.0" encoding="UTF-8"?>
<!-- Generated by org.testng.reporters.JUnitReportReporter -->
<testsuite hostname="DESKTOP-BSS5US9" failures="0" tests="3" name="com.testNG.TestNgGroups" time="0.010" errors="0" timestamp="2023-12-14T22:15:51 IST" skipped="0">
  <testcase classname="com.testNG.TestNgGroups" name="TestMethodFive" time="0.008"/>
  <system-out/>
  <testcase classname="com.testNG.TestNgGroups" name="TestMethodTwo" time="0.001"/>
  <system-out/>
  <testcase classname="com.testNG.TestNgGroups" name="TestMethodThree" time="0.001"/>
  <system-out/>
</testsuite> <!-- com.testNG.TestNgGroups -->
