<?xml version="1.0" encoding="UTF-8"?>
<!-- Generated by org.testng.reporters.JUnitReportReporter -->
<testsuite hostname="DESKTOP-BSS5US9" failures="0" tests="9" name="com.testNG.TestNgFactory" time="0.012" errors="0" timestamp="2023-12-10T22:00:52 IST" skipped="0">
  <testcase classname="com.testNG.TestNgFactory" name="testmethod2" time="0.001"/>
  <system-out/>
  <testcase classname="com.testNG.TestNgFactory" name="testmethod3" time="0.000"/>
  <system-out/>
  <testcase classname="com.testNG.TestNgFactory" name="testmethod2" time="0.001"/>
  <system-out/>
  <testcase classname="com.testNG.TestNgFactory" name="testmethod3" time="0.002"/>
  <system-out/>
  <testcase classname="com.testNG.TestNgFactory" name="testmethod1" time="0.001"/>
  <system-out/>
  <testcase classname="com.testNG.TestNgFactory" name="testmethod1" time="0.004"/>
  <system-out/>
  <testcase classname="com.testNG.TestNgFactory" name="testmethod1" time="0.001"/>
  <system-out/>
  <testcase classname="com.testNG.TestNgFactory" name="testmethod3" time="0.001"/>
  <system-out/>
  <testcase classname="com.testNG.TestNgFactory" name="testmethod2" time="0.001"/>
  <system-out/>
</testsuite> <!-- com.testNG.TestNgFactory -->
