<?xml version="1.0" encoding="UTF-8"?>
<!-- Generated by org.testng.reporters.JUnitReportReporter -->
<testsuite hostname="DESKTOP-BSS5US9" failures="0" tests="5" name="com.testNG.TestNGAnnotations" time="0.014" errors="0" timestamp="2023-11-30T13:02:39 IST" skipped="0">
  <testcase classname="com.testNG.TestNGAnnotations" name="TestCase1" time="0.006"/>
  <system-out/>
  <testcase classname="com.testNG.TestNGAnnotations" name="TestCase4" time="0.004"/>
  <system-out/>
  <testcase classname="com.testNG.TestNGAnnotations" name="TestCase5" time="0.001"/>
  <system-out/>
  <testcase classname="com.testNG.TestNGAnnotations" name="TestCase2" time="0.002"/>
  <system-out/>
  <testcase classname="com.testNG.TestNGAnnotations" name="TestCase3" time="0.001"/>
  <system-out/>
</testsuite> <!-- com.testNG.TestNGAnnotations -->
