<?xml version="1.0" encoding="UTF-8"?>
<!-- Generated by org.testng.reporters.JUnitReportReporter -->
<testsuite hostname="DESKTOP-BSS5US9" failures="0" tests="9" name="com.testNG.TestNGAnnotations123" time="0.032" errors="0" timestamp="2023-11-30T22:21:08 IST" skipped="0">
  <testcase classname="com.testNG.TestNGAnnotations123" name="TestCase4" time="0.005"/>
  <system-out/>
  <testcase classname="com.testNG.TestNGAnnotations123" name="TestCase4" time="0.005"/>
  <system-out/>
  <testcase classname="com.testNG.TestNGAnnotations123" name="TestCase4" time="0.002"/>
  <system-out/>
  <testcase classname="com.testNG.TestNGAnnotations123" name="TestCase4" time="0.004"/>
  <system-out/>
  <testcase classname="com.testNG.TestNGAnnotations123" name="TestCase4" time="0.002"/>
  <system-out/>
  <testcase classname="com.testNG.TestNGAnnotations123" name="TestCase5" time="0.005"/>
  <system-out/>
  <testcase classname="com.testNG.TestNGAnnotations123" name="testCase6" time="0.002"/>
  <system-out/>
  <testcase classname="com.testNG.TestNGAnnotations123" name="ValidateFlipKartApplicationLoadedSuccessfully" time="0.003"/>
  <system-out/>
  <testcase classname="com.testNG.TestNGAnnotations123" name="ValidateLoginFunctionalty" time="0.004"/>
  <system-out/>
</testsuite> <!-- com.testNG.TestNGAnnotations123 -->
