<?xml version="1.0" encoding="UTF-8"?>
<!-- Generated by org.testng.reporters.JUnitReportReporter -->
<testsuite hostname="DESKTOP-BSS5US9" failures="0" tests="6" name="com.testNG.TestNgDataProvider" time="0.015" errors="0" timestamp="2023-12-10T21:50:30 IST" skipped="0">
  <testcase classname="com.testNG.TestNgDataProvider" name="mul" time="0.002"/>
  <system-out/>
  <testcase classname="com.testNG.TestNgDataProvider" name="add" time="0.001"/>
  <system-out/>
  <testcase classname="com.testNG.TestNgDataProvider" name="add" time="0.001"/>
  <system-out/>
  <testcase classname="com.testNG.TestNgDataProvider" name="add" time="0.007"/>
  <system-out/>
  <testcase classname="com.testNG.TestNgDataProvider" name="mul" time="0.002"/>
  <system-out/>
  <testcase classname="com.testNG.TestNgDataProvider" name="testcase3" time="0.002"/>
  <system-out/>
</testsuite> <!-- com.testNG.TestNgDataProvider -->
