<?xml version="1.0" encoding="UTF-8"?>
<!-- Generated by org.testng.reporters.JUnitReportReporter -->
<testsuite hostname="DESKTOP-BSS5US9" failures="0" tests="2" name="com.testNG.ValidateDataDriven" time="50.978" errors="0" timestamp="2023-12-18T23:42:43 IST" skipped="0">
  <testcase classname="com.testNG.ValidateDataDriven" name="ValidateDataDrivenPageLoadedSuccessfully" time="19.128"/>
  <system-out/>
  <testcase classname="com.testNG.ValidateDataDriven" name="VerifyDataDrivenFromExcel" time="31.850"/>
  <system-out/>
</testsuite> <!-- com.testNG.ValidateDataDriven -->
