<?xml version="1.0" encoding="UTF-8"?>
<!-- Generated by org.testng.reporters.JUnitReportReporter -->
<testsuite hostname="DESKTOP-BSS5US9" failures="0" tests="3" name="com.testNG.ValidateMouseOperations" time="7.624" errors="0" timestamp="2023-12-02T19:54:07 IST" skipped="0">
  <testcase classname="com.testNG.ValidateMouseOperations" name="ValidateJQueryPageLoadedSuccessfully" time="2.248"/>
  <system-out/>
  <testcase classname="com.testNG.ValidateMouseOperations" name="VerifyRightClickOperation" time="2.640"/>
  <system-out/>
  <testcase classname="com.testNG.ValidateMouseOperations" name="VerifyDoubleClickOperation" time="2.736"/>
  <system-out/>
</testsuite> <!-- com.testNG.ValidateMouseOperations -->
