<?xml version="1.0" encoding="UTF-8"?>
<!-- Generated by org.testng.reporters.JUnitReportReporter -->
<testsuite hostname="DESKTOP-BSS5US9" failures="0" tests="2" name="com.testNG.TestNgParallelTestSuite" time="0.019" errors="0" timestamp="2023-12-13T18:20:05 IST" skipped="0">
  <testcase classname="com.testNG.TestNgParallelTestSuite" name="testMethodOne" time="0.009"/>
  <system-out/>
  <testcase classname="com.testNG.TestNgParallelTestSuite" name="testMethodOne" time="0.010"/>
  <system-out/>
</testsuite> <!-- com.testNG.TestNgParallelTestSuite -->
