<?xml version="1.0" encoding="UTF-8"?>
<!-- Generated by org.testng.reporters.JUnitReportReporter -->
<testsuite hostname="DESKTOP-BSS5US9" failures="0" tests="5" name="com.testNG.ValidateAlerts" time="54.206" errors="0" timestamp="2023-12-05T17:49:18 IST" skipped="0">
  <testcase classname="com.testNG.ValidateAlerts" name="ValidateAlertPageLoadedSuccessfully" time="45.674"/>
  <system-out/>
  <testcase classname="com.testNG.ValidateAlerts" name="ValidateNormalAlert" time="0.089"/>
  <system-out/>
  <testcase classname="com.testNG.ValidateAlerts" name="ValidateTimerAlert" time="5.193"/>
  <system-out/>
  <testcase classname="com.testNG.ValidateAlerts" name="ValidateConfirmAlert" time="0.119"/>
  <system-out/>
  <testcase classname="com.testNG.ValidateAlerts" name="ValidatePromptAlert" time="3.131"/>
  <system-out/>
</testsuite> <!-- com.testNG.ValidateAlerts -->
