<?xml version="1.0" encoding="UTF-8"?>
<!-- Generated by org.testng.reporters.JUnitReportReporter -->
<testsuite hostname="DESKTOP-BSS5US9" failures="0" tests="2" name="com.testNG.ValidateDataDriven" time="64.949" errors="0" timestamp="2023-12-21T14:20:06 IST" skipped="0">
  <testcase classname="com.testNG.ValidateDataDriven" name="ValidateDataDrivenPageLoadedSuccessfully" time="21.062"/>
  <system-out/>
  <testcase classname="com.testNG.ValidateDataDriven" name="VerifyDataDrivenFromExcel" time="43.887"/>
  <system-out/>
</testsuite> <!-- com.testNG.ValidateDataDriven -->
