<?xml version="1.0" encoding="UTF-8"?>
<!-- Generated by org.testng.reporters.JUnitReportReporter -->
<testsuite hostname="DESKTOP-BSS5US9" failures="0" tests="4" name="com.testNG.ValidateMouseOperations" time="6.954" errors="0" timestamp="2023-12-02T20:10:29 IST" skipped="0">
  <testcase classname="com.testNG.ValidateMouseOperations" name="ValidateJQueryPageLoadedSuccessfully" time="1.384"/>
  <system-out/>
  <testcase classname="com.testNG.ValidateMouseOperations" name="VerifyRightClickOperation" time="2.573"/>
  <system-out/>
  <testcase classname="com.testNG.ValidateMouseOperations" name="VerifyDoubleClickOperation" time="1.051"/>
  <system-out/>
  <testcase classname="com.testNG.ValidateMouseOperations" name="VerifyDragAndDrop" time="1.946"/>
  <system-out/>
</testsuite> <!-- com.testNG.ValidateMouseOperations -->
