<?xml version="1.0" encoding="UTF-8"?>
<!-- Generated by org.testng.reporters.JUnitReportReporter -->
<testsuite hostname="DESKTOP-BSS5US9" failures="0" tests="2" name="com.testNG.TestNgParallelTestSuite" time="0.011" errors="0" timestamp="2023-12-14T21:50:45 IST" skipped="0">
  <testcase classname="com.testNG.TestNgParallelTestSuite" name="testMethodOne" time="0.007"/>
  <system-out/>
  <testcase classname="com.testNG.TestNgParallelTestSuite" name="testMethodOne" time="0.004"/>
  <system-out/>
</testsuite> <!-- com.testNG.TestNgParallelTestSuite -->
