<?xml version="1.0" encoding="UTF-8"?>
<!-- Generated by org.testng.reporters.JUnitReportReporter -->
<testsuite hostname="DESKTOP-BSS5US9" failures="0" tests="1" name="com.SeleniumGrid.Chrome" time="20.852" errors="0" timestamp="2023-12-25T18:14:07 IST" skipped="0">
  <testcase classname="com.SeleniumGrid.Chrome" name="testCaseChrome" time="20.852"/>
  <system-out/>
</testsuite> <!-- com.SeleniumGrid.Chrome -->
