<?xml version="1.0" encoding="UTF-8"?>
<!-- Generated by org.testng.reporters.JUnitReportReporter -->
<testsuite hostname="DESKTOP-BSS5US9" failures="0" tests="2" name="com.testNG.ValidateMouseOperations" time="0.624" errors="0" timestamp="2023-12-01T11:12:00 IST" skipped="1">
  <testcase classname="com.testNG.ValidateMouseOperations" name="ValidateJQueryPageLoadedSuccessfully" time="0.624"/>
  <system-out/>
  <testcase classname="com.testNG.ValidateMouseOperations" name="VerifyRightClickOperation">
    <skipped/>
  </testcase> <!-- VerifyRightClickOperation -->
  <system-out/>
</testsuite> <!-- com.testNG.ValidateMouseOperations -->
