<?xml version="1.0" encoding="UTF-8"?>
<!-- Generated by org.testng.reporters.JUnitReportReporter -->
<testsuite hostname="DESKTOP-BSS5US9" failures="0" tests="2" name="com.testNG.TestNgParallelClass3" time="0.003" errors="0" timestamp="2023-12-13T17:51:39 IST" skipped="0">
  <testcase classname="com.testNG.TestNgParallelClass3" name="afterClass" time="0.002"/>
  <system-out/>
  <testcase classname="com.testNG.TestNgParallelClass3" name="test" time="0.001"/>
  <system-out/>
</testsuite> <!-- com.testNG.TestNgParallelClass3 -->
